<?xml version="1.0" encoding="UTF-8"?>
<!-- Generated by org.testng.reporters.JUnitReportReporter -->
<testsuite skipped="0" hostname="INFOVITY-LT-187" name="driverscript.DClass" tests="4" failures="0" timestamp="20 Feb 2020 09:34:17 GMT" time="291.037" errors="0">
  <testcase name="IE" time="0.019" classname="driverscript.DClass"/>
  <testcase name="Safari" time="0.019" classname="driverscript.DClass"/>
  <testcase name="Chrome" time="290.980" classname="driverscript.DClass"/>
  <testcase name="Firefox" time="0.019" classname="driverscript.DClass"/>
</testsuite> <!-- driverscript.DClass -->
