<?xml version="1.0" encoding="UTF-8"?>
<!-- Generated by org.testng.reporters.JUnitReportReporter -->
<testsuite skipped="0" hostname="INFOVITY-LT-187" name="driverscript.DClass" tests="4" failures="0" timestamp="20 Feb 2020 10:15:09 GMT" time="273.252" errors="0">
  <testcase name="Firefox" time="0.022" classname="driverscript.DClass"/>
  <testcase name="Safari" time="0.022" classname="driverscript.DClass"/>
  <testcase name="Chrome" time="273.186" classname="driverscript.DClass"/>
  <testcase name="IE" time="0.022" classname="driverscript.DClass"/>
</testsuite> <!-- driverscript.DClass -->
